<?xml version="1.0" encoding="UTF-8"?>
<!-- Generated by org.testng.reporters.JUnitXMLReporter -->
<testsuite hostname="Vikraman-PC" ignored="0" name="Test" tests="2" failures="0" timestamp="12 May 2019 06:50:15 GMT" time="0.332" errors="0">
  <testcase name="@BeforeClass configBrowserBC" time="0.266" classname="com.actitme.genriclib.BaseClass">
    <failure type="java.lang.IllegalStateException" message="The path to the driver executable must be set by the webdriver.gecko.driver system property; for more information, see https://github.com/mozilla/geckodriver. The latest version can be downloaded from https://github.com/mozilla/geckodriver/releases">
      <![CDATA[java.lang.IllegalStateException: The path to the driver executable must be set by the webdriver.gecko.driver system property; for more information, see https://github.com/mozilla/geckodriver. The latest version can be downloaded from https://github.com/mozilla/geckodriver/releases
at com.google.common.base.Preconditions.checkState(Preconditions.java:847)
at org.openqa.selenium.remote.service.DriverService.findExecutable(DriverService.java:134)
at org.openqa.selenium.firefox.GeckoDriverService.access$100(GeckoDriverService.java:44)
at org.openqa.selenium.firefox.GeckoDriverService$Builder.findDefaultExecutable(GeckoDriverService.java:167)
at org.openqa.selenium.remote.service.DriverService$Builder.build(DriverService.java:355)
at org.openqa.selenium.firefox.FirefoxDriver.toExecutor(FirefoxDriver.java:190)
at org.openqa.selenium.firefox.FirefoxDriver.<init>(FirefoxDriver.java:147)
at org.openqa.selenium.firefox.FirefoxDriver.<init>(FirefoxDriver.java:125)
at com.actitme.genriclib.BaseClass.configBrowserBC(BaseClass.java:33)
... Removed 26 stack frames]]>
    </failure>
  </testcase> <!-- @BeforeClass configBrowserBC -->
  <testcase name="@BeforeMethod configLoginBM" time="0.0" classname="com.actitme.genriclib.BaseClass">
    <skipped/>
  </testcase> <!-- @BeforeMethod configLoginBM -->
  <testcase name="@AfterMethod configLogoutAM" time="0.0" classname="com.actitme.genriclib.BaseClass">
    <skipped/>
  </testcase> <!-- @AfterMethod configLogoutAM -->
  <testcase name="@BeforeMethod configLoginBM" time="0.0" classname="com.actitme.genriclib.BaseClass">
    <skipped/>
  </testcase> <!-- @BeforeMethod configLoginBM -->
  <testcase name="@AfterMethod configLogoutAM" time="0.0" classname="com.actitme.genriclib.BaseClass">
    <skipped/>
  </testcase> <!-- @AfterMethod configLogoutAM -->
  <testcase name="@AfterClass configCloseBrowserAC" time="0.0" classname="com.actitme.genriclib.BaseClass">
    <skipped/>
  </testcase> <!-- @AfterClass configCloseBrowserAC -->
  <testcase name="CreateCustomerTest" time="0.0" classname="com.acttitime.testscrpits.CustomerTest">
    <skipped/>
  </testcase> <!-- CreateCustomerTest -->
  <testcase name="CreateCustomerWithDescription" time="0.0" classname="com.acttitime.testscrpits.CustomerTest">
    <skipped/>
  </testcase> <!-- CreateCustomerWithDescription -->
</testsuite> <!-- Test -->
